[INFOS]
PrgName=IP.BIN Creator
Author=[big_fury]SiZiOUS
Version=1.0
Date=5/07/2019
[CONTROLS]
cbU=1
cbE=1
cbJ=1
eManID=Protofall
cbMediaConfig=0
eMediaID=D1B4
HardwareID=SEGA SEGAKATANA 
VendorID=SEGA ENTERPRISES
cbBtnMouse=0
cbBtnGun=0
cbBtnKeyboard=0
cbAnalogY2=0
cbAnalogX2=0
cbAnalogY1=0
cbAnalogX1=0
cbAnalogL=0
cbAnalogR=0
cbBtnDirectionsKeyBtn2=0
cbBtnZ=0
cbBtnY=0
cbBtnX=0
cbBtnD=0
cbBtnC=0
cbBtnDirectionsKeyBtn1=1
OS00=1
EP03=0
EP02=0
EP01=0
EP00=0
AV00=1
cbBootFilename=1ST_READ.BIN
mGameTitle=Minesweeper
eVerHi=1
eVerLo=000
eProdNo=MK5319
eDay=05
eMonth=07
eYear=2019
eFileLogo=C:\Users\David 10\Desktop\emulators\ipbuild\docs\basicLogoTransparent.png
